"C:\Program Files\JetBrains\CLion 2024.2.2\bin\cmake\win\x64\bin\cmake.exe" -DCMAKE_BUILD_TYPE=Debug "-DCMAKE_MAKE_PROGRAM=C:/Program Files/ninja/ninja-win/ninja.exe" -G Ninja -S C:\Users\Dell\CLionProjects\labs -B C:\Users\Dell\CLionProjects\labs\cmake-build-debug-system
-- The C compiler identification is Clang 19.1.1 with GNU-like command-line
-- The CXX compiler identification is Clang 19.1.1 with GNU-like command-line
-- Detecting C compiler ABI info
-- Detecting C compiler ABI info - failed
-- Check for working C compiler: C:/Program Files/LLVM/bin/clang.exe
-- Check for working C compiler: C:/Program Files/LLVM/bin/clang.exe - broken
CMake Error at C:/Program Files/JetBrains/CLion 2024.2.2/bin/cmake/win/x64/share/cmake-3.29/Modules/CMakeTestCCompiler.cmake:67 (message):
  The C compiler

    "C:/Program Files/LLVM/bin/clang.exe"

  is not able to compile a simple test program.

  It fails with the following output:

    Change Dir: 'C:/Users/Dell/CLionProjects/labs/cmake-build-debug-system/CMakeFiles/CMakeScratch/TryCompile-imf15g'
    
    Run Build Command(s): "C:/Program Files/ninja/ninja-win/ninja.exe" -v cmTC_34917
    [1/2] C:\PROGRA~1\LLVM\bin\clang.exe   -O0 -D_DEBUG -D_DLL -D_MT -Xclang --dependent-lib=msvcrtd -g -Xclang -gcodeview -MD -MT CMakeFiles/cmTC_34917.dir/testCCompiler.c.obj -MF CMakeFiles\cmTC_34917.dir\testCCompiler.c.obj.d -o CMakeFiles/cmTC_34917.dir/testCCompiler.c.obj -c C:/Users/Dell/CLionProjects/labs/cmake-build-debug-system/CMakeFiles/CMakeScratch/TryCompile-imf15g/testCCompiler.c
    [2/2] C:\Windows\system32\cmd.exe /C "cd . && C:\PROGRA~1\LLVM\bin\clang.exe -nostartfiles -nostdlib -O0 -D_DEBUG -D_DLL -D_MT -Xclang --dependent-lib=msvcrtd -g -Xclang -gcodeview -Xlinker /subsystem:console  -fuse-ld=lld-link CMakeFiles/cmTC_34917.dir/testCCompiler.c.obj -o cmTC_34917.exe -Xlinker /MANIFEST:EMBED -Xlinker /implib:cmTC_34917.lib -Xlinker /pdb:cmTC_34917.pdb -Xlinker /version:0.0   -lkernel32 -luser32 -lgdi32 -lwinspool -lshell32 -lole32 -loleaut32 -luuid -lcomdlg32 -ladvapi32 -loldnames  && cd ."
    FAILED: cmTC_34917.exe 
    C:\Windows\system32\cmd.exe /C "cd . && C:\PROGRA~1\LLVM\bin\clang.exe -nostartfiles -nostdlib -O0 -D_DEBUG -D_DLL -D_MT -Xclang --dependent-lib=msvcrtd -g -Xclang -gcodeview -Xlinker /subsystem:console  -fuse-ld=lld-link CMakeFiles/cmTC_34917.dir/testCCompiler.c.obj -o cmTC_34917.exe -Xlinker /MANIFEST:EMBED -Xlinker /implib:cmTC_34917.lib -Xlinker /pdb:cmTC_34917.pdb -Xlinker /version:0.0   -lkernel32 -luser32 -lgdi32 -lwinspool -lshell32 -lole32 -loleaut32 -luuid -lcomdlg32 -ladvapi32 -loldnames  && cd ."
    lld-link: error: could not open 'kernel32.lib': no such file or directory
    lld-link: error: could not open 'user32.lib': no such file or directory
    lld-link: error: could not open 'gdi32.lib': no such file or directory
    lld-link: error: could not open 'winspool.lib': no such file or directory
    lld-link: error: could not open 'shell32.lib': no such file or directory
    lld-link: error: could not open 'ole32.lib': no such file or directory
    lld-link: error: could not open 'oleaut32.lib': no such file or directory
    lld-link: error: could not open 'uuid.lib': no such file or directory
    lld-link: error: could not open 'comdlg32.lib': no such file or directory
    lld-link: error: could not open 'advapi32.lib': no such file or directory
    lld-link: error: could not open 'oldnames.lib': no such file or directory
    lld-link: error: could not open 'msvcrtd.lib': no such file or directory
    clang: error: linker command failed with exit code 1 (use -v to see invocation)
    ninja: build stopped: subcommand failed.
    
    

  

  CMake will not be able to correctly generate this project.
Call Stack (most recent call first):
  CMakeLists.txt:2 (project)


-- Configuring incomplete, errors occurred!
